[15:46:01] [main/INFO] Registered plugin provider DefaultPlugin [roughlyenoughitems] for REIPlugin
[15:46:01] [main/INFO] Registered plugin provider DefaultRuntimePlugin [roughlyenoughitems] for REIPlugin
[15:46:01] [main/INFO] Registered plugin provider DefaultPlugin [roughlyenoughitems] for REIServerPlugin
[15:46:01] [main/INFO] Registered plugin provider DefaultRuntimePlugin [roughlyenoughitems] for REIServerPlugin
[15:46:01] [main/INFO] Registered plugin provider FabricFluidAPISupportPlugin for REIServerPlugin
[15:46:01] [main/INFO] Registered plugin provider FabricFluidAPISupportPlugin for REIPlugin
[15:46:06] [Worker-Main-4/DEBUG] [START] Reloading Section: "pre-register/"
[15:46:06] [Worker-Main-4/DEBUG] [START] Reloading Section: "pre-register/DefaultPlugin [roughlyenoughitems]/"
[15:46:06] [Worker-Main-4/DEBUG] [START] Reloading Section: "pre-register/DefaultPlugin [roughlyenoughitems]/" done in 8.289 ms
[15:46:06] [Worker-Main-4/DEBUG] [START] Reloading Section: "pre-register/FabricFluidAPISupportPlugin/"
[15:46:06] [Worker-Main-4/DEBUG] [START] Reloading Section: "pre-register/FabricFluidAPISupportPlugin/" done in 14.08 μs
[15:46:06] [Worker-Main-4/DEBUG] [START] Reloading Section: "pre-register/DefaultRuntimePlugin [roughlyenoughitems]/"
[15:46:06] [Worker-Main-4/DEBUG] [START] Reloading Section: "pre-register/DefaultRuntimePlugin [roughlyenoughitems]/" done in 48.11 μs
[15:46:06] [Worker-Main-4/DEBUG] [START] Reloading Section: "pre-register/" done in 21.13 ms
[15:46:06] [Worker-Main-4/DEBUG] [START] Reloading Section: "pre-register/"
[15:46:06] [Worker-Main-4/DEBUG] [START] Reloading Section: "pre-register/DefaultPlugin [roughlyenoughitems]/"
[15:46:06] [Worker-Main-4/DEBUG] [START] Reloading Section: "pre-register/DefaultPlugin [roughlyenoughitems]/" done in 12.00 μs
[15:46:06] [Worker-Main-4/DEBUG] [START] Reloading Section: "pre-register/FabricFluidAPISupportPlugin/"
[15:46:06] [Worker-Main-4/DEBUG] [START] Reloading Section: "pre-register/FabricFluidAPISupportPlugin/" done in 11.26 μs
[15:46:06] [Worker-Main-4/DEBUG] [START] Reloading Section: "pre-register/DefaultRuntimePlugin [roughlyenoughitems]/"
[15:46:06] [Worker-Main-4/DEBUG] [START] Reloading Section: "pre-register/DefaultRuntimePlugin [roughlyenoughitems]/" done in 11.23 μs
[15:46:06] [Worker-Main-4/DEBUG] [START] Reloading Section: "pre-register/" done in 1.509 ms
[15:46:06] [Worker-Main-4/DEBUG] [START] Reloading Section: "start-reload/"
[15:46:06] [Worker-Main-4/DEBUG] [START] Reloading Section: "start-reload/EntryTypeRegistryImpl/"
[15:46:06] [Worker-Main-4/DEBUG] [START] Reloading Section: "start-reload/EntryTypeRegistryImpl/" done in 753.1 μs
[15:46:06] [Worker-Main-4/DEBUG] [START] Reloading Section: "start-reload/EntrySettingsAdapterRegistryImpl/"
[15:46:06] [Worker-Main-4/DEBUG] [START] Reloading Section: "start-reload/EntrySettingsAdapterRegistryImpl/" done in 15.98 μs
[15:46:06] [Worker-Main-4/DEBUG] [START] Reloading Section: "start-reload/RecipeManagerContextImpl/"
[15:46:06] [Worker-Main-4/DEBUG] [START] Reloading Section: "start-reload/RecipeManagerContextImpl/" done in 10.48 μs
[15:46:06] [Worker-Main-4/DEBUG] [START] Reloading Section: "start-reload/ItemComparatorRegistryImpl/"
[15:46:06] [Worker-Main-4/DEBUG] [START] Reloading Section: "start-reload/ItemComparatorRegistryImpl/" done in 33.86 μs
[15:46:06] [Worker-Main-4/DEBUG] [START] Reloading Section: "start-reload/FluidComparatorRegistryImpl/"
[15:46:06] [Worker-Main-4/DEBUG] [START] Reloading Section: "start-reload/FluidComparatorRegistryImpl/" done in 19.67 μs
[15:46:06] [Worker-Main-4/DEBUG] [START] Reloading Section: "start-reload/DisplaySerializerRegistryImpl/"
[15:46:06] [Worker-Main-4/DEBUG] [START] Reloading Section: "start-reload/DisplaySerializerRegistryImpl/" done in 10.47 μs
[15:46:06] [Worker-Main-4/DEBUG] [START] Reloading Section: "start-reload/FluidSupportProviderImpl/"
[15:46:06] [Worker-Main-4/DEBUG] [START] Reloading Section: "start-reload/FluidSupportProviderImpl/" done in 23.07 μs
[15:46:06] [Worker-Main-4/DEBUG] [START] Reloading Section: "start-reload/" done in 7.864 ms
[15:46:06] [Worker-Main-4/INFO] Reloading Plugin Manager [REIPlugin] stage [START], registered 3 plugins: DefaultRuntimePlugin [roughlyenoughitems], FabricFluidAPISupportPlugin, DefaultPlugin [roughlyenoughitems]
[15:46:06] [Worker-Main-4/DEBUG] [START] Reloading Section: "reloadable-plugin/EntryTypeRegistryImpl/"
[15:46:06] [Worker-Main-4/DEBUG] [START] Reloading Section: "reloadable-plugin/EntryTypeRegistryImpl/DefaultPlugin [roughlyenoughitems]/"
[15:46:06] [Worker-Main-4/DEBUG] [START] Reloading Section: "reloadable-plugin/EntryTypeRegistryImpl/DefaultPlugin [roughlyenoughitems]/" done in 37.15 μs
[15:46:06] [Worker-Main-4/DEBUG] [START] Reloading Section: "reloadable-plugin/EntryTypeRegistryImpl/FabricFluidAPISupportPlugin/"
[15:46:06] [Worker-Main-4/DEBUG] [START] Reloading Section: "reloadable-plugin/EntryTypeRegistryImpl/FabricFluidAPISupportPlugin/" done in 17.15 μs
[15:46:06] [Worker-Main-4/DEBUG] [START] Reloading Section: "reloadable-plugin/EntryTypeRegistryImpl/DefaultRuntimePlugin [roughlyenoughitems]/"
[15:46:06] [Worker-Main-4/DEBUG] [START] Reloading Section: "reloadable-plugin/EntryTypeRegistryImpl/DefaultRuntimePlugin [roughlyenoughitems]/" done in 7.016 ms
[15:46:06] [Worker-Main-4/DEBUG] [START] Reloading Section: "reloadable-plugin/EntryTypeRegistryImpl/" done in 8.773 ms
[15:46:06] [Worker-Main-4/DEBUG] [START] Reloading Section: "reloadable-plugin/EntrySettingsAdapterRegistryImpl/"
[15:46:06] [Worker-Main-4/DEBUG] [START] Reloading Section: "reloadable-plugin/EntrySettingsAdapterRegistryImpl/DefaultPlugin [roughlyenoughitems]/"
[15:46:06] [Worker-Main-4/DEBUG] [START] Reloading Section: "reloadable-plugin/EntrySettingsAdapterRegistryImpl/DefaultPlugin [roughlyenoughitems]/" done in 16.21 μs
[15:46:06] [Worker-Main-4/DEBUG] [START] Reloading Section: "reloadable-plugin/EntrySettingsAdapterRegistryImpl/FabricFluidAPISupportPlugin/"
[15:46:06] [Worker-Main-4/DEBUG] [START] Reloading Section: "reloadable-plugin/EntrySettingsAdapterRegistryImpl/FabricFluidAPISupportPlugin/" done in 16.73 μs
[15:46:06] [Worker-Main-4/DEBUG] [START] Reloading Section: "reloadable-plugin/EntrySettingsAdapterRegistryImpl/DefaultRuntimePlugin [roughlyenoughitems]/"
[15:46:06] [Worker-Main-4/DEBUG] [START] Reloading Section: "reloadable-plugin/EntrySettingsAdapterRegistryImpl/DefaultRuntimePlugin [roughlyenoughitems]/" done in 18.69 μs
[15:46:06] [Worker-Main-4/DEBUG] [START] Reloading Section: "reloadable-plugin/EntrySettingsAdapterRegistryImpl/" done in 2.369 ms
[15:46:06] [Worker-Main-4/DEBUG] [START] Reloading Section: "reloadable-plugin/RecipeManagerContextImpl/"
[15:46:06] [Worker-Main-4/DEBUG] [START] Reloading Section: "reloadable-plugin/RecipeManagerContextImpl/DefaultPlugin [roughlyenoughitems]/"
[15:46:06] [Worker-Main-4/DEBUG] [START] Reloading Section: "reloadable-plugin/RecipeManagerContextImpl/DefaultPlugin [roughlyenoughitems]/" done in 15.11 μs
[15:46:06] [Worker-Main-4/DEBUG] [START] Reloading Section: "reloadable-plugin/RecipeManagerContextImpl/FabricFluidAPISupportPlugin/"
[15:46:06] [Worker-Main-4/DEBUG] [START] Reloading Section: "reloadable-plugin/RecipeManagerContextImpl/FabricFluidAPISupportPlugin/" done in 15.58 μs
[15:46:06] [Worker-Main-4/DEBUG] [START] Reloading Section: "reloadable-plugin/RecipeManagerContextImpl/DefaultRuntimePlugin [roughlyenoughitems]/"
[15:46:06] [Worker-Main-4/DEBUG] [START] Reloading Section: "reloadable-plugin/RecipeManagerContextImpl/DefaultRuntimePlugin [roughlyenoughitems]/" done in 20.51 μs
[15:46:06] [Worker-Main-4/DEBUG] [START] Reloading Section: "reloadable-plugin/RecipeManagerContextImpl/" done in 4.051 ms
[15:46:06] [Worker-Main-4/DEBUG] [START] Reloading Section: "reloadable-plugin/ItemComparatorRegistryImpl/"
[15:46:06] [Worker-Main-4/DEBUG] [START] Reloading Section: "reloadable-plugin/ItemComparatorRegistryImpl/DefaultPlugin [roughlyenoughitems]/"
[15:46:06] [Worker-Main-4/DEBUG] [START] Reloading Section: "reloadable-plugin/ItemComparatorRegistryImpl/DefaultPlugin [roughlyenoughitems]/" done in 4.875 ms
[15:46:06] [Worker-Main-4/DEBUG] [START] Reloading Section: "reloadable-plugin/ItemComparatorRegistryImpl/FabricFluidAPISupportPlugin/"
[15:46:06] [Worker-Main-4/DEBUG] [START] Reloading Section: "reloadable-plugin/ItemComparatorRegistryImpl/FabricFluidAPISupportPlugin/" done in 19.08 μs
[15:46:06] [Worker-Main-4/DEBUG] [START] Reloading Section: "reloadable-plugin/ItemComparatorRegistryImpl/DefaultRuntimePlugin [roughlyenoughitems]/"
[15:46:06] [Worker-Main-4/DEBUG] [START] Reloading Section: "reloadable-plugin/ItemComparatorRegistryImpl/DefaultRuntimePlugin [roughlyenoughitems]/" done in 21.76 μs
[15:46:06] [Worker-Main-4/DEBUG] [START] Reloading Section: "reloadable-plugin/ItemComparatorRegistryImpl/" done in 14.73 ms
[15:46:06] [Worker-Main-4/DEBUG] [START] Reloading Section: "reloadable-plugin/FluidComparatorRegistryImpl/"
[15:46:06] [Worker-Main-4/DEBUG] [START] Reloading Section: "reloadable-plugin/FluidComparatorRegistryImpl/DefaultPlugin [roughlyenoughitems]/"
[15:46:06] [Worker-Main-4/DEBUG] [START] Reloading Section: "reloadable-plugin/FluidComparatorRegistryImpl/DefaultPlugin [roughlyenoughitems]/" done in 26.11 μs
[15:46:06] [Worker-Main-4/DEBUG] [START] Reloading Section: "reloadable-plugin/FluidComparatorRegistryImpl/FabricFluidAPISupportPlugin/"
[15:46:06] [Worker-Main-4/DEBUG] [START] Reloading Section: "reloadable-plugin/FluidComparatorRegistryImpl/FabricFluidAPISupportPlugin/" done in 16.97 μs
[15:46:06] [Worker-Main-4/DEBUG] [START] Reloading Section: "reloadable-plugin/FluidComparatorRegistryImpl/DefaultRuntimePlugin [roughlyenoughitems]/"
[15:46:06] [Worker-Main-4/DEBUG] [START] Reloading Section: "reloadable-plugin/FluidComparatorRegistryImpl/DefaultRuntimePlugin [roughlyenoughitems]/" done in 23.14 μs
[15:46:06] [Worker-Main-4/DEBUG] [START] Reloading Section: "reloadable-plugin/FluidComparatorRegistryImpl/" done in 2.176 ms
[15:46:06] [Worker-Main-4/DEBUG] [START] Reloading Section: "reloadable-plugin/DisplaySerializerRegistryImpl/"
[15:46:06] [Worker-Main-4/DEBUG] [START] Reloading Section: "reloadable-plugin/DisplaySerializerRegistryImpl/DefaultPlugin [roughlyenoughitems]/"
[15:46:06] [Worker-Main-4/DEBUG] [START] Reloading Section: "reloadable-plugin/DisplaySerializerRegistryImpl/DefaultPlugin [roughlyenoughitems]/" done in 15.44 μs
[15:46:06] [Worker-Main-4/DEBUG] [START] Reloading Section: "reloadable-plugin/DisplaySerializerRegistryImpl/FabricFluidAPISupportPlugin/"
[15:46:06] [Worker-Main-4/DEBUG] [START] Reloading Section: "reloadable-plugin/DisplaySerializerRegistryImpl/FabricFluidAPISupportPlugin/" done in 17.93 μs
[15:46:06] [Worker-Main-4/DEBUG] [START] Reloading Section: "reloadable-plugin/DisplaySerializerRegistryImpl/DefaultRuntimePlugin [roughlyenoughitems]/"
[15:46:06] [Worker-Main-4/DEBUG] [START] Reloading Section: "reloadable-plugin/DisplaySerializerRegistryImpl/DefaultRuntimePlugin [roughlyenoughitems]/" done in 20.85 μs
[15:46:06] [Worker-Main-4/DEBUG] [START] Reloading Section: "reloadable-plugin/DisplaySerializerRegistryImpl/" done in 5.773 ms
[15:46:06] [Worker-Main-4/DEBUG] [START] Reloading Section: "reloadable-plugin/FluidSupportProviderImpl/"
[15:46:06] [Worker-Main-4/DEBUG] [START] Reloading Section: "reloadable-plugin/FluidSupportProviderImpl/DefaultPlugin [roughlyenoughitems]/"
[15:46:06] [Worker-Main-4/DEBUG] [START] Reloading Section: "reloadable-plugin/FluidSupportProviderImpl/DefaultPlugin [roughlyenoughitems]/" done in 466.9 μs
[15:46:06] [Worker-Main-4/DEBUG] [START] Reloading Section: "reloadable-plugin/FluidSupportProviderImpl/FabricFluidAPISupportPlugin/"
[15:46:06] [Worker-Main-4/DEBUG] [START] Reloading Section: "reloadable-plugin/FluidSupportProviderImpl/FabricFluidAPISupportPlugin/" done in 179.5 μs
[15:46:06] [Worker-Main-4/DEBUG] [START] Reloading Section: "reloadable-plugin/FluidSupportProviderImpl/DefaultRuntimePlugin [roughlyenoughitems]/"
[15:46:06] [Worker-Main-4/DEBUG] [START] Reloading Section: "reloadable-plugin/FluidSupportProviderImpl/DefaultRuntimePlugin [roughlyenoughitems]/" done in 19.45 μs
[15:46:06] [Worker-Main-4/DEBUG] [START] Reloading Section: "reloadable-plugin/FluidSupportProviderImpl/" done in 2.069 ms
[15:46:06] [Worker-Main-4/DEBUG] [START] Reloading Section: "end-reload/"
[15:46:06] [Worker-Main-4/DEBUG] [START] Reloading Section: "end-reload/EntryTypeRegistryImpl/"
[15:46:06] [Worker-Main-4/DEBUG] [START] Reloading Section: "end-reload/EntryTypeRegistryImpl/" done in 16.27 μs
[15:46:06] [Worker-Main-4/DEBUG] [START] Reloading Section: "end-reload/EntrySettingsAdapterRegistryImpl/"
[15:46:06] [Worker-Main-4/DEBUG] [START] Reloading Section: "end-reload/EntrySettingsAdapterRegistryImpl/" done in 10.04 μs
[15:46:06] [Worker-Main-4/DEBUG] [START] Reloading Section: "end-reload/RecipeManagerContextImpl/"
[15:46:06] [Worker-Main-4/DEBUG] [START] Reloading Section: "end-reload/RecipeManagerContextImpl/" done in 9.578 μs
[15:46:06] [Worker-Main-4/DEBUG] [START] Reloading Section: "end-reload/ItemComparatorRegistryImpl/"
[15:46:06] [Worker-Main-4/DEBUG] [START] Reloading Section: "end-reload/ItemComparatorRegistryImpl/" done in 10.24 μs
[15:46:06] [Worker-Main-4/DEBUG] [START] Reloading Section: "end-reload/FluidComparatorRegistryImpl/"
[15:46:06] [Worker-Main-4/DEBUG] [START] Reloading Section: "end-reload/FluidComparatorRegistryImpl/" done in 10.93 μs
[15:46:06] [Worker-Main-4/DEBUG] [START] Reloading Section: "end-reload/DisplaySerializerRegistryImpl/"
[15:46:06] [Worker-Main-4/DEBUG] [START] Reloading Section: "end-reload/DisplaySerializerRegistryImpl/" done in 12.14 μs
[15:46:06] [Worker-Main-4/DEBUG] [START] Reloading Section: "end-reload/FluidSupportProviderImpl/"
[15:46:06] [Worker-Main-4/DEBUG] [START] Reloading Section: "end-reload/FluidSupportProviderImpl/" done in 10.98 μs
[15:46:06] [Worker-Main-4/DEBUG] [START] Reloading Section: "end-reload/" done in 4.319 ms
[15:46:06] [Worker-Main-4/INFO] Reloaded Plugin Manager [REIPlugin] with 2 entry types, 5 item comparators, 0 fluid comparators and 2 fluid support providers in 59ms.
[15:46:06] [Worker-Main-4/DEBUG] [START] Reloading Section: "start-reload/"
[15:46:06] [Worker-Main-4/DEBUG] [START] Reloading Section: "start-reload/MenuInfoRegistryImpl/"
[15:46:06] [Worker-Main-4/DEBUG] [START] Reloading Section: "start-reload/MenuInfoRegistryImpl/" done in 12.11 μs
[15:46:06] [Worker-Main-4/DEBUG] [START] Reloading Section: "start-reload/" done in 224.9 μs
[15:46:06] [Worker-Main-4/INFO] Reloading Plugin Manager [REIServerPlugin] stage [START], registered 3 plugins: DefaultRuntimePlugin [roughlyenoughitems], FabricFluidAPISupportPlugin, DefaultPlugin [roughlyenoughitems]
[15:46:06] [Worker-Main-4/DEBUG] [START] Reloading Section: "reloadable-plugin/MenuInfoRegistryImpl/"
[15:46:06] [Worker-Main-4/DEBUG] [START] Reloading Section: "reloadable-plugin/MenuInfoRegistryImpl/DefaultPlugin [roughlyenoughitems]/"
[15:46:06] [Worker-Main-4/DEBUG] [START] Reloading Section: "reloadable-plugin/MenuInfoRegistryImpl/DefaultPlugin [roughlyenoughitems]/" done in 11.95 μs
[15:46:06] [Worker-Main-4/DEBUG] [START] Reloading Section: "reloadable-plugin/MenuInfoRegistryImpl/FabricFluidAPISupportPlugin/"
[15:46:06] [Worker-Main-4/DEBUG] [START] Reloading Section: "reloadable-plugin/MenuInfoRegistryImpl/FabricFluidAPISupportPlugin/" done in 12.82 μs
[15:46:06] [Worker-Main-4/DEBUG] [START] Reloading Section: "reloadable-plugin/MenuInfoRegistryImpl/DefaultRuntimePlugin [roughlyenoughitems]/"
[15:46:06] [Worker-Main-4/DEBUG] [START] Reloading Section: "reloadable-plugin/MenuInfoRegistryImpl/DefaultRuntimePlugin [roughlyenoughitems]/" done in 55.12 μs
[15:46:06] [Worker-Main-4/DEBUG] [START] Reloading Section: "reloadable-plugin/MenuInfoRegistryImpl/" done in 692.4 μs
[15:46:06] [Worker-Main-4/DEBUG] [START] Reloading Section: "end-reload/"
[15:46:06] [Worker-Main-4/DEBUG] [START] Reloading Section: "end-reload/MenuInfoRegistryImpl/"
[15:46:06] [Worker-Main-4/DEBUG] [START] Reloading Section: "end-reload/MenuInfoRegistryImpl/" done in 9.740 μs
[15:46:06] [Worker-Main-4/DEBUG] [START] Reloading Section: "end-reload/" done in 205.4 μs
[15:46:06] [Worker-Main-4/INFO] Reloaded Plugin Manager [REIServerPlugin] with 0 menu infos in 2ms.
[15:46:06] [Worker-Main-4/DEBUG] [START] Reloading Section: "post-register/"
[15:46:06] [Worker-Main-4/DEBUG] [START] Reloading Section: "post-register/DefaultPlugin [roughlyenoughitems]/"
[15:46:06] [Worker-Main-4/DEBUG] [START] Reloading Section: "post-register/DefaultPlugin [roughlyenoughitems]/" done in 17.38 μs
[15:46:06] [Worker-Main-4/DEBUG] [START] Reloading Section: "post-register/FabricFluidAPISupportPlugin/"
[15:46:06] [Worker-Main-4/DEBUG] [START] Reloading Section: "post-register/FabricFluidAPISupportPlugin/" done in 9.588 μs
[15:46:06] [Worker-Main-4/DEBUG] [START] Reloading Section: "post-register/DefaultRuntimePlugin [roughlyenoughitems]/"
[15:46:06] [Worker-Main-4/DEBUG] [START] Reloading Section: "post-register/DefaultRuntimePlugin [roughlyenoughitems]/" done in 11.32 μs
[15:46:06] [Worker-Main-4/DEBUG] [START] Reloading Section: "post-register/" done in 847.0 μs
[15:46:06] [Worker-Main-4/DEBUG] [START] Reloading Section: "post-register/"
[15:46:06] [Worker-Main-4/DEBUG] [START] Reloading Section: "post-register/DefaultPlugin [roughlyenoughitems]/"
[15:46:06] [Worker-Main-4/DEBUG] [START] Reloading Section: "post-register/DefaultPlugin [roughlyenoughitems]/" done in 9.156 μs
[15:46:06] [Worker-Main-4/DEBUG] [START] Reloading Section: "post-register/FabricFluidAPISupportPlugin/"
[15:46:06] [Worker-Main-4/DEBUG] [START] Reloading Section: "post-register/FabricFluidAPISupportPlugin/" done in 10.76 μs
[15:46:06] [Worker-Main-4/DEBUG] [START] Reloading Section: "post-register/DefaultRuntimePlugin [roughlyenoughitems]/"
[15:46:06] [Worker-Main-4/DEBUG] [START] Reloading Section: "post-register/DefaultRuntimePlugin [roughlyenoughitems]/" done in 10.29 μs
[15:46:06] [Worker-Main-4/DEBUG] [START] Reloading Section: "post-register/" done in 551.4 μs
[15:46:06] [Worker-Main-4/DEBUG] [END] Reloading Section: "pre-register/"
[15:46:06] [Worker-Main-4/DEBUG] [END] Reloading Section: "pre-register/DefaultPlugin [roughlyenoughitems]/"
[15:46:06] [Worker-Main-4/DEBUG] [END] Reloading Section: "pre-register/DefaultPlugin [roughlyenoughitems]/" done in 10.12 μs
[15:46:06] [Worker-Main-4/DEBUG] [END] Reloading Section: "pre-register/FabricFluidAPISupportPlugin/"
[15:46:06] [Worker-Main-4/DEBUG] [END] Reloading Section: "pre-register/FabricFluidAPISupportPlugin/" done in 9.227 μs
[15:46:06] [Worker-Main-4/DEBUG] [END] Reloading Section: "pre-register/DefaultRuntimePlugin [roughlyenoughitems]/"
[15:46:06] [Worker-Main-4/DEBUG] [END] Reloading Section: "pre-register/DefaultRuntimePlugin [roughlyenoughitems]/" done in 10.52 μs
[15:46:06] [Worker-Main-4/DEBUG] [END] Reloading Section: "pre-register/" done in 548.1 μs
[15:46:06] [Worker-Main-4/DEBUG] [END] Reloading Section: "pre-register/"
[15:46:06] [Worker-Main-4/DEBUG] [END] Reloading Section: "pre-register/DefaultPlugin [roughlyenoughitems]/"
[15:46:06] [Worker-Main-4/DEBUG] [END] Reloading Section: "pre-register/DefaultPlugin [roughlyenoughitems]/" done in 9.267 μs
[15:46:06] [Worker-Main-4/DEBUG] [END] Reloading Section: "pre-register/FabricFluidAPISupportPlugin/"
[15:46:06] [Worker-Main-4/DEBUG] [END] Reloading Section: "pre-register/FabricFluidAPISupportPlugin/" done in 9.437 μs
[15:46:06] [Worker-Main-4/DEBUG] [END] Reloading Section: "pre-register/DefaultRuntimePlugin [roughlyenoughitems]/"
[15:46:06] [Worker-Main-4/DEBUG] [END] Reloading Section: "pre-register/DefaultRuntimePlugin [roughlyenoughitems]/" done in 10.39 μs
[15:46:06] [Worker-Main-4/DEBUG] [END] Reloading Section: "pre-register/" done in 590.7 μs
[15:46:06] [Worker-Main-4/DEBUG] [END] Reloading Section: "start-reload/"
[15:46:06] [Worker-Main-4/DEBUG] [END] Reloading Section: "start-reload/EntryTypeRegistryImpl/"
[15:46:06] [Worker-Main-4/DEBUG] [END] Reloading Section: "start-reload/EntryTypeRegistryImpl/" done in 9.109 μs
[15:46:06] [Worker-Main-4/DEBUG] [END] Reloading Section: "start-reload/EntrySettingsAdapterRegistryImpl/"
[15:46:06] [Worker-Main-4/DEBUG] [END] Reloading Section: "start-reload/EntrySettingsAdapterRegistryImpl/" done in 16.49 μs
[15:46:06] [Worker-Main-4/DEBUG] [END] Reloading Section: "start-reload/RecipeManagerContextImpl/"
[15:46:06] [Worker-Main-4/DEBUG] [END] Reloading Section: "start-reload/RecipeManagerContextImpl/" done in 10.84 μs
[15:46:06] [Worker-Main-4/DEBUG] [END] Reloading Section: "start-reload/ItemComparatorRegistryImpl/"
[15:46:06] [Worker-Main-4/DEBUG] [END] Reloading Section: "start-reload/ItemComparatorRegistryImpl/" done in 8.586 μs
[15:46:06] [Worker-Main-4/DEBUG] [END] Reloading Section: "start-reload/FluidComparatorRegistryImpl/"
[15:46:06] [Worker-Main-4/DEBUG] [END] Reloading Section: "start-reload/FluidComparatorRegistryImpl/" done in 8.376 μs
[15:46:06] [Worker-Main-4/DEBUG] [END] Reloading Section: "start-reload/DisplaySerializerRegistryImpl/"
[15:46:06] [Worker-Main-4/DEBUG] [END] Reloading Section: "start-reload/DisplaySerializerRegistryImpl/" done in 15.58 μs
[15:46:06] [Worker-Main-4/DEBUG] [END] Reloading Section: "start-reload/FluidSupportProviderImpl/"
[15:46:06] [Worker-Main-4/DEBUG] [END] Reloading Section: "start-reload/FluidSupportProviderImpl/" done in 8.647 μs
[15:46:06] [Worker-Main-4/DEBUG] [END] Reloading Section: "start-reload/" done in 1.329 ms
[15:46:06] [Worker-Main-4/INFO] Reloading Plugin Manager [REIPlugin] stage [END], registered 3 plugins: DefaultRuntimePlugin [roughlyenoughitems], FabricFluidAPISupportPlugin, DefaultPlugin [roughlyenoughitems]
[15:46:06] [Worker-Main-4/DEBUG] [END] Reloading Section: "reloadable-plugin/EntryTypeRegistryImpl/"
[15:46:06] [Worker-Main-4/DEBUG] [END] Reloading Section: "reloadable-plugin/EntryTypeRegistryImpl/DefaultPlugin [roughlyenoughitems]/"
[15:46:06] [Worker-Main-4/DEBUG] [END] Reloading Section: "reloadable-plugin/EntryTypeRegistryImpl/DefaultPlugin [roughlyenoughitems]/" done in 16.06 μs
[15:46:06] [Worker-Main-4/DEBUG] [END] Reloading Section: "reloadable-plugin/EntryTypeRegistryImpl/FabricFluidAPISupportPlugin/"
[15:46:06] [Worker-Main-4/DEBUG] [END] Reloading Section: "reloadable-plugin/EntryTypeRegistryImpl/FabricFluidAPISupportPlugin/" done in 16.23 μs
[15:46:06] [Worker-Main-4/DEBUG] [END] Reloading Section: "reloadable-plugin/EntryTypeRegistryImpl/DefaultRuntimePlugin [roughlyenoughitems]/"
[15:46:06] [Worker-Main-4/DEBUG] [END] Reloading Section: "reloadable-plugin/EntryTypeRegistryImpl/DefaultRuntimePlugin [roughlyenoughitems]/" done in 18.57 μs
[15:46:06] [Worker-Main-4/DEBUG] [END] Reloading Section: "reloadable-plugin/EntryTypeRegistryImpl/" done in 679.3 μs
[15:46:06] [Worker-Main-4/DEBUG] [END] Reloading Section: "reloadable-plugin/EntrySettingsAdapterRegistryImpl/"
[15:46:06] [Worker-Main-4/DEBUG] [END] Reloading Section: "reloadable-plugin/EntrySettingsAdapterRegistryImpl/DefaultPlugin [roughlyenoughitems]/"
[15:46:06] [Worker-Main-4/DEBUG] [END] Reloading Section: "reloadable-plugin/EntrySettingsAdapterRegistryImpl/DefaultPlugin [roughlyenoughitems]/" done in 23.20 μs
[15:46:06] [Worker-Main-4/DEBUG] [END] Reloading Section: "reloadable-plugin/EntrySettingsAdapterRegistryImpl/FabricFluidAPISupportPlugin/"
[15:46:06] [Worker-Main-4/DEBUG] [END] Reloading Section: "reloadable-plugin/EntrySettingsAdapterRegistryImpl/FabricFluidAPISupportPlugin/" done in 16.25 μs
[15:46:06] [Worker-Main-4/DEBUG] [END] Reloading Section: "reloadable-plugin/EntrySettingsAdapterRegistryImpl/DefaultRuntimePlugin [roughlyenoughitems]/"
[15:46:06] [Worker-Main-4/DEBUG] [END] Reloading Section: "reloadable-plugin/EntrySettingsAdapterRegistryImpl/DefaultRuntimePlugin [roughlyenoughitems]/" done in 17.24 μs
[15:46:06] [Worker-Main-4/DEBUG] [END] Reloading Section: "reloadable-plugin/EntrySettingsAdapterRegistryImpl/" done in 615.0 μs
[15:46:06] [Worker-Main-4/DEBUG] [END] Reloading Section: "reloadable-plugin/RecipeManagerContextImpl/"
[15:46:06] [Worker-Main-4/DEBUG] [END] Reloading Section: "reloadable-plugin/RecipeManagerContextImpl/DefaultPlugin [roughlyenoughitems]/"
[15:46:06] [Worker-Main-4/DEBUG] [END] Reloading Section: "reloadable-plugin/RecipeManagerContextImpl/DefaultPlugin [roughlyenoughitems]/" done in 16.81 μs
[15:46:06] [Worker-Main-4/DEBUG] [END] Reloading Section: "reloadable-plugin/RecipeManagerContextImpl/FabricFluidAPISupportPlugin/"
[15:46:06] [Worker-Main-4/DEBUG] [END] Reloading Section: "reloadable-plugin/RecipeManagerContextImpl/FabricFluidAPISupportPlugin/" done in 16.46 μs
[15:46:06] [Worker-Main-4/DEBUG] [END] Reloading Section: "reloadable-plugin/RecipeManagerContextImpl/DefaultRuntimePlugin [roughlyenoughitems]/"
[15:46:06] [Worker-Main-4/DEBUG] [END] Reloading Section: "reloadable-plugin/RecipeManagerContextImpl/DefaultRuntimePlugin [roughlyenoughitems]/" done in 21.29 μs
[15:46:06] [Worker-Main-4/DEBUG] [END] Reloading Section: "reloadable-plugin/RecipeManagerContextImpl/" done in 25.10 ms
[15:46:06] [Worker-Main-4/DEBUG] [END] Reloading Section: "reloadable-plugin/ItemComparatorRegistryImpl/"
[15:46:06] [Worker-Main-4/DEBUG] [END] Reloading Section: "reloadable-plugin/ItemComparatorRegistryImpl/DefaultPlugin [roughlyenoughitems]/"
[15:46:06] [Worker-Main-4/DEBUG] [END] Reloading Section: "reloadable-plugin/ItemComparatorRegistryImpl/DefaultPlugin [roughlyenoughitems]/" done in 18.45 μs
[15:46:06] [Worker-Main-4/DEBUG] [END] Reloading Section: "reloadable-plugin/ItemComparatorRegistryImpl/FabricFluidAPISupportPlugin/"
[15:46:06] [Worker-Main-4/DEBUG] [END] Reloading Section: "reloadable-plugin/ItemComparatorRegistryImpl/FabricFluidAPISupportPlugin/" done in 17.79 μs
[15:46:06] [Worker-Main-4/DEBUG] [END] Reloading Section: "reloadable-plugin/ItemComparatorRegistryImpl/DefaultRuntimePlugin [roughlyenoughitems]/"
[15:46:06] [Worker-Main-4/DEBUG] [END] Reloading Section: "reloadable-plugin/ItemComparatorRegistryImpl/DefaultRuntimePlugin [roughlyenoughitems]/" done in 18.92 μs
[15:46:06] [Worker-Main-4/DEBUG] [END] Reloading Section: "reloadable-plugin/ItemComparatorRegistryImpl/" done in 2.716 ms
[15:46:06] [Worker-Main-4/DEBUG] [END] Reloading Section: "reloadable-plugin/FluidComparatorRegistryImpl/"
[15:46:06] [Worker-Main-4/DEBUG] [END] Reloading Section: "reloadable-plugin/FluidComparatorRegistryImpl/DefaultPlugin [roughlyenoughitems]/"
[15:46:06] [Worker-Main-4/DEBUG] [END] Reloading Section: "reloadable-plugin/FluidComparatorRegistryImpl/DefaultPlugin [roughlyenoughitems]/" done in 17.95 μs
[15:46:06] [Worker-Main-4/DEBUG] [END] Reloading Section: "reloadable-plugin/FluidComparatorRegistryImpl/FabricFluidAPISupportPlugin/"
[15:46:06] [Worker-Main-4/DEBUG] [END] Reloading Section: "reloadable-plugin/FluidComparatorRegistryImpl/FabricFluidAPISupportPlugin/" done in 65.44 μs
[15:46:06] [Worker-Main-4/DEBUG] [END] Reloading Section: "reloadable-plugin/FluidComparatorRegistryImpl/DefaultRuntimePlugin [roughlyenoughitems]/"
[15:46:06] [Worker-Main-4/DEBUG] [END] Reloading Section: "reloadable-plugin/FluidComparatorRegistryImpl/DefaultRuntimePlugin [roughlyenoughitems]/" done in 21.54 μs
[15:46:06] [Worker-Main-4/DEBUG] [END] Reloading Section: "reloadable-plugin/FluidComparatorRegistryImpl/" done in 6.645 ms
[15:46:06] [Worker-Main-4/DEBUG] [END] Reloading Section: "reloadable-plugin/DisplaySerializerRegistryImpl/"
[15:46:06] [Worker-Main-4/DEBUG] [END] Reloading Section: "reloadable-plugin/DisplaySerializerRegistryImpl/DefaultPlugin [roughlyenoughitems]/"
[15:46:06] [Worker-Main-4/DEBUG] [END] Reloading Section: "reloadable-plugin/DisplaySerializerRegistryImpl/DefaultPlugin [roughlyenoughitems]/" done in 42.01 ms
[15:46:06] [Worker-Main-4/DEBUG] [END] Reloading Section: "reloadable-plugin/DisplaySerializerRegistryImpl/FabricFluidAPISupportPlugin/"
[15:46:06] [Worker-Main-4/DEBUG] [END] Reloading Section: "reloadable-plugin/DisplaySerializerRegistryImpl/FabricFluidAPISupportPlugin/" done in 19.16 μs
[15:46:06] [Worker-Main-4/DEBUG] [END] Reloading Section: "reloadable-plugin/DisplaySerializerRegistryImpl/DefaultRuntimePlugin [roughlyenoughitems]/"
[15:46:06] [Worker-Main-4/DEBUG] [END] Reloading Section: "reloadable-plugin/DisplaySerializerRegistryImpl/DefaultRuntimePlugin [roughlyenoughitems]/" done in 15.74 μs
[15:46:06] [Worker-Main-4/DEBUG] [END] Reloading Section: "reloadable-plugin/DisplaySerializerRegistryImpl/" done in 42.73 ms
[15:46:06] [Worker-Main-4/DEBUG] [END] Reloading Section: "reloadable-plugin/FluidSupportProviderImpl/"
[15:46:06] [Worker-Main-4/DEBUG] [END] Reloading Section: "reloadable-plugin/FluidSupportProviderImpl/DefaultPlugin [roughlyenoughitems]/"
[15:46:06] [Worker-Main-4/DEBUG] [END] Reloading Section: "reloadable-plugin/FluidSupportProviderImpl/DefaultPlugin [roughlyenoughitems]/" done in 13.23 μs
[15:46:06] [Worker-Main-4/DEBUG] [END] Reloading Section: "reloadable-plugin/FluidSupportProviderImpl/FabricFluidAPISupportPlugin/"
[15:46:06] [Worker-Main-4/DEBUG] [END] Reloading Section: "reloadable-plugin/FluidSupportProviderImpl/FabricFluidAPISupportPlugin/" done in 13.54 μs
[15:46:06] [Worker-Main-4/DEBUG] [END] Reloading Section: "reloadable-plugin/FluidSupportProviderImpl/DefaultRuntimePlugin [roughlyenoughitems]/"
[15:46:06] [Worker-Main-4/DEBUG] [END] Reloading Section: "reloadable-plugin/FluidSupportProviderImpl/DefaultRuntimePlugin [roughlyenoughitems]/" done in 13.87 μs
[15:46:06] [Worker-Main-4/DEBUG] [END] Reloading Section: "reloadable-plugin/FluidSupportProviderImpl/" done in 589.9 μs
[15:46:06] [Worker-Main-4/DEBUG] [END] Reloading Section: "end-reload/"
[15:46:06] [Worker-Main-4/DEBUG] [END] Reloading Section: "end-reload/EntryTypeRegistryImpl/"
[15:46:06] [Worker-Main-4/DEBUG] [END] Reloading Section: "end-reload/EntryTypeRegistryImpl/" done in 13.44 μs
[15:46:06] [Worker-Main-4/DEBUG] [END] Reloading Section: "end-reload/EntrySettingsAdapterRegistryImpl/"
[15:46:06] [Worker-Main-4/DEBUG] [END] Reloading Section: "end-reload/EntrySettingsAdapterRegistryImpl/" done in 8.105 μs
[15:46:06] [Worker-Main-4/DEBUG] [END] Reloading Section: "end-reload/RecipeManagerContextImpl/"
[15:46:06] [Worker-Main-4/DEBUG] [END] Reloading Section: "end-reload/RecipeManagerContextImpl/" done in 8.356 μs
[15:46:06] [Worker-Main-4/DEBUG] [END] Reloading Section: "end-reload/ItemComparatorRegistryImpl/"
[15:46:06] [Worker-Main-4/DEBUG] [END] Reloading Section: "end-reload/ItemComparatorRegistryImpl/" done in 8.497 μs
[15:46:06] [Worker-Main-4/DEBUG] [END] Reloading Section: "end-reload/FluidComparatorRegistryImpl/"
[15:46:06] [Worker-Main-4/DEBUG] [END] Reloading Section: "end-reload/FluidComparatorRegistryImpl/" done in 7.564 μs
[15:46:06] [Worker-Main-4/DEBUG] [END] Reloading Section: "end-reload/DisplaySerializerRegistryImpl/"
[15:46:06] [Worker-Main-4/DEBUG] [END] Reloading Section: "end-reload/DisplaySerializerRegistryImpl/" done in 9.598 μs
[15:46:06] [Worker-Main-4/DEBUG] [END] Reloading Section: "end-reload/FluidSupportProviderImpl/"
[15:46:06] [Worker-Main-4/DEBUG] [END] Reloading Section: "end-reload/FluidSupportProviderImpl/" done in 8.736 μs
[15:46:06] [Worker-Main-4/DEBUG] [END] Reloading Section: "end-reload/" done in 1.125 ms
[15:46:06] [Worker-Main-4/INFO] Reloaded Plugin Manager [REIPlugin] with 2 entry types, 5 item comparators, 0 fluid comparators and 2 fluid support providers in 83ms.
[15:46:06] [Worker-Main-4/DEBUG] [END] Reloading Section: "start-reload/"
[15:46:06] [Worker-Main-4/DEBUG] [END] Reloading Section: "start-reload/MenuInfoRegistryImpl/"
[15:46:06] [Worker-Main-4/DEBUG] [END] Reloading Section: "start-reload/MenuInfoRegistryImpl/" done in 18.83 μs
[15:46:06] [Worker-Main-4/DEBUG] [END] Reloading Section: "start-reload/" done in 229.8 μs
[15:46:06] [Worker-Main-4/INFO] Reloading Plugin Manager [REIServerPlugin] stage [END], registered 3 plugins: DefaultRuntimePlugin [roughlyenoughitems], FabricFluidAPISupportPlugin, DefaultPlugin [roughlyenoughitems]
[15:46:06] [Worker-Main-4/DEBUG] [END] Reloading Section: "reloadable-plugin/MenuInfoRegistryImpl/"
[15:46:06] [Worker-Main-4/DEBUG] [END] Reloading Section: "reloadable-plugin/MenuInfoRegistryImpl/DefaultPlugin [roughlyenoughitems]/"
[15:46:06] [Worker-Main-4/DEBUG] [END] Reloading Section: "reloadable-plugin/MenuInfoRegistryImpl/DefaultPlugin [roughlyenoughitems]/" done in 4.389 ms
[15:46:06] [Worker-Main-4/DEBUG] [END] Reloading Section: "reloadable-plugin/MenuInfoRegistryImpl/FabricFluidAPISupportPlugin/"
[15:46:06] [Worker-Main-4/DEBUG] [END] Reloading Section: "reloadable-plugin/MenuInfoRegistryImpl/FabricFluidAPISupportPlugin/" done in 28.08 μs
[15:46:06] [Worker-Main-4/DEBUG] [END] Reloading Section: "reloadable-plugin/MenuInfoRegistryImpl/DefaultRuntimePlugin [roughlyenoughitems]/"
[15:46:06] [Worker-Main-4/DEBUG] [END] Reloading Section: "reloadable-plugin/MenuInfoRegistryImpl/DefaultRuntimePlugin [roughlyenoughitems]/" done in 15.31 μs
[15:46:06] [Worker-Main-4/DEBUG] [END] Reloading Section: "reloadable-plugin/MenuInfoRegistryImpl/" done in 4.968 ms
[15:46:06] [Worker-Main-4/DEBUG] [END] Reloading Section: "end-reload/"
[15:46:06] [Worker-Main-4/DEBUG] [END] Reloading Section: "end-reload/MenuInfoRegistryImpl/"
[15:46:06] [Worker-Main-4/DEBUG] [END] Reloading Section: "end-reload/MenuInfoRegistryImpl/" done in 9.348 μs
[15:46:06] [Worker-Main-4/DEBUG] [END] Reloading Section: "end-reload/" done in 245.3 μs
[15:46:06] [Worker-Main-4/INFO] Reloaded Plugin Manager [REIServerPlugin] with 4 menu infos in 14ms.
[15:46:06] [Worker-Main-4/DEBUG] [END] Reloading Section: "post-register/"
[15:46:06] [Worker-Main-4/DEBUG] [END] Reloading Section: "post-register/DefaultPlugin [roughlyenoughitems]/"
[15:46:06] [Worker-Main-4/DEBUG] [END] Reloading Section: "post-register/DefaultPlugin [roughlyenoughitems]/" done in 9.578 μs
[15:46:06] [Worker-Main-4/DEBUG] [END] Reloading Section: "post-register/FabricFluidAPISupportPlugin/"
[15:46:06] [Worker-Main-4/DEBUG] [END] Reloading Section: "post-register/FabricFluidAPISupportPlugin/" done in 8.796 μs
[15:46:06] [Worker-Main-4/DEBUG] [END] Reloading Section: "post-register/DefaultRuntimePlugin [roughlyenoughitems]/"
[15:46:06] [Worker-Main-4/DEBUG] [END] Reloading Section: "post-register/DefaultRuntimePlugin [roughlyenoughitems]/" done in 18.21 μs
[15:46:06] [Worker-Main-4/DEBUG] [END] Reloading Section: "post-register/" done in 490.1 μs
[15:46:06] [Worker-Main-4/DEBUG] [END] Reloading Section: "post-register/"
[15:46:06] [Worker-Main-4/DEBUG] [END] Reloading Section: "post-register/DefaultPlugin [roughlyenoughitems]/"
[15:46:06] [Worker-Main-4/DEBUG] [END] Reloading Section: "post-register/DefaultPlugin [roughlyenoughitems]/" done in 8.225 μs
[15:46:06] [Worker-Main-4/DEBUG] [END] Reloading Section: "post-register/FabricFluidAPISupportPlugin/"
[15:46:06] [Worker-Main-4/DEBUG] [END] Reloading Section: "post-register/FabricFluidAPISupportPlugin/" done in 8.025 μs
[15:46:06] [Worker-Main-4/DEBUG] [END] Reloading Section: "post-register/DefaultRuntimePlugin [roughlyenoughitems]/"
[15:46:06] [Worker-Main-4/DEBUG] [END] Reloading Section: "post-register/DefaultRuntimePlugin [roughlyenoughitems]/" done in 9.348 μs
[15:46:06] [Worker-Main-4/DEBUG] [END] Reloading Section: "post-register/" done in 436.1 μs
